2019-02-28 10:16:08 799   CTraderSpi::ReqUserLogin	 [Info] 登陆请求成功
2019-02-28 10:16:08 815   CTraderSpi::OnRspUserLogin	 [Info] User Login success
2019-02-28 10:16:08 815   CTraderSpi::OnRtnInstrumentStatus	 [Info] [SHFE] [] [] [ag] '2' 0 [] '
2019-02-28 10:16:08 815   CTraderSpi::OnRtnInstrumentStatus	 [Info] [SHFE] [] [] [al] '2' 0 [] '
2019-02-28 10:16:08 815   CTraderSpi::OnRtnInstrumentStatus	 [Info] [SHFE] [] [] [au] '2' 0 [] '
2019-02-28 10:16:08 815   CTraderSpi::OnRtnInstrumentStatus	 [Info] [SHFE] [] [] [bu] '2' 0 [] '
2019-02-28 10:16:08 815   CTraderSpi::OnRtnInstrumentStatus	 [Info] [SHFE] [] [] [cu] '2' 0 [] '
2019-02-28 10:16:08 815   CTraderSpi::OnRtnInstrumentStatus	 [Info] [SHFE] [] [] [fu] '2' 0 [] '
2019-02-28 10:16:08 815   CTraderSpi::OnRtnInstrumentStatus	 [Info] [SHFE] [] [] [hc] '2' 0 [] '
2019-02-28 10:16:08 815   CTraderSpi::OnRtnInstrumentStatus	 [Info] [SHFE] [] [] [ni] '2' 0 [] '
2019-02-28 10:16:08 815   CTraderSpi::OnRtnInstrumentStatus	 [Info] [SHFE] [] [] [pb] '2' 0 [] '
2019-02-28 10:16:08 815   CTraderSpi::OnRtnInstrumentStatus	 [Info] [SHFE] [] [] [rb] '2' 0 [] '
2019-02-28 10:16:08 815   CTraderSpi::OnRtnInstrumentStatus	 [Info] [SHFE] [] [] [ru] '2' 0 [] '
2019-02-28 10:16:08 815   CTraderSpi::OnRtnInstrumentStatus	 [Info] [SHFE] [] [] [sp] '2' 0 [] '
2019-02-28 10:16:08 815   CTraderSpi::OnRtnInstrumentStatus	 [Info] [CFFEX] [] [] [IC] '2' 0 [] '
2019-02-28 10:16:08 815   CTraderSpi::OnRtnInstrumentStatus	 [Info] [CFFEX] [] [] [IF] '2' 0 [] '
2019-02-28 10:16:08 815   CTraderSpi::OnRtnInstrumentStatus	 [Info] [CFFEX] [] [] [IH] '2' 0 [] '
2019-02-28 10:16:08 815   CTraderSpi::OnRtnInstrumentStatus	 [Info] [CFFEX] [] [] [T] '2' 0 [] '
2019-02-28 10:16:08 815   CTraderSpi::OnRtnInstrumentStatus	 [Info] [CFFEX] [] [] [TF] '2' 0 [] '
2019-02-28 10:16:08 815   CTraderSpi::OnRtnInstrumentStatus	 [Info] [CFFEX] [] [] [TS] '2' 0 [] '
2019-02-28 10:16:08 815   CTraderSpi::OnRtnInstrumentStatus	 [Info] [DCE] [] [] [a] '2' 0 [] '
2019-02-28 10:16:08 815   CTraderSpi::OnRtnInstrumentStatus	 [Info] [DCE] [] [] [b] '2' 0 [] '
2019-02-28 10:16:08 815   CTraderSpi::OnRtnInstrumentStatus	 [Info] [DCE] [] [] [i] '2' 0 [] '
2019-02-28 10:16:08 815   CTraderSpi::OnRtnInstrumentStatus	 [Info] [DCE] [] [] [j] '2' 0 [] '
2019-02-28 10:16:08 830   CTraderSpi::OnRtnInstrumentStatus	 [Info] [DCE] [] [] [jm] '2' 0 [] '
2019-02-28 10:16:08 830   CTraderSpi::OnRtnInstrumentStatus	 [Info] [DCE] [] [] [m] '2' 0 [] '
2019-02-28 10:16:08 830   CTraderSpi::OnRtnInstrumentStatus	 [Info] [DCE] [] [] [p] '2' 0 [] '
2019-02-28 10:16:08 830   CTraderSpi::OnRtnInstrumentStatus	 [Info] [DCE] [] [] [y] '2' 0 [] '
2019-02-28 10:16:08 830   CTraderSpi::OnRtnInstrumentStatus	 [Info] [CZCE] [] [] [CF] '2' 0 [] '
2019-02-28 10:16:08 830   CTraderSpi::OnRtnInstrumentStatus	 [Info] [CZCE] [] [] [CY] '2' 0 [] '
2019-02-28 10:16:08 830   CTraderSpi::OnRtnInstrumentStatus	 [Info] [CZCE] [] [] [FG] '2' 0 [] '
2019-02-28 10:16:08 830   CTraderSpi::OnRtnInstrumentStatus	 [Info] [CZCE] [] [] [MA] '2' 0 [] '
2019-02-28 10:16:08 830   CTraderSpi::OnRtnInstrumentStatus	 [Info] [CZCE] [] [] [OI] '2' 0 [] '
2019-02-28 10:16:08 830   CTraderSpi::OnRtnInstrumentStatus	 [Info] [CZCE] [] [] [RM] '2' 0 [] '
2019-02-28 10:16:08 830   CTraderSpi::OnRtnInstrumentStatus	 [Info] [CZCE] [] [] [SR] '2' 0 [] '
2019-02-28 10:16:08 830   CTraderSpi::OnRtnInstrumentStatus	 [Info] [CZCE] [] [] [TA] '2' 0 [] '
2019-02-28 10:16:08 830   CTraderSpi::OnRtnInstrumentStatus	 [Info] [CZCE] [] [] [TC] '2' 0 [] '
2019-02-28 10:16:08 830   CTraderSpi::OnRtnInstrumentStatus	 [Info] [CZCE] [] [] [ZC] '2' 0 [] '
2019-02-28 10:16:08 830   CTraderSpi::OnRtnInstrumentStatus	 [Info] [INE] [] [] [sc] '2' 0 [] '
2019-02-28 10:16:13 721   CTraderSpi::RspQryTrade	 [Info] [536870987] [rb1905] 买 开仓 3729.00, 1, Seq:536870987
2019-02-28 10:16:13 721   CTraderSpi::RspQryTrade	 [Info] 查询成交结束
2019-02-28 10:17:02 394   CTraderSpi::ReqOrderInsert	 [Info] [rb1903] [3780.000000] [2] [SendReqID:4] [UserReqID:5]
2019-02-28 10:17:10 000   CTraderSpi::ReqOrderInsert	 [Info] [rb1903] [3780.000000] [2] [SendReqID:6] [UserReqID:7]
2019-02-28 10:17:12 176   CTraderSpi::ReqOrderInsert	 [Info] [rb1903] [3780.000000] [2] [SendReqID:8] [UserReqID:9]
2019-02-28 10:17:15 551   CTraderSpi::ReqOrderInsert	 [Info] [rb1903] [3780.000000] [2] [SendReqID:10] [UserReqID:11]
2019-02-28 10:17:16 239   CTraderSpi::ReqOrderInsert	 [Info] [rb1903] [3780.000000] [2] [SendReqID:12] [UserReqID:13]
2019-02-28 10:17:29 123   CTraderSpi::ReqQryInvestorPosition	 [Info] Send...
2019-02-28 10:17:29 123   CTraderSpi::ReqQryInvestorPosition	 [Info] InstrumentID,BrokerID,InvestorID,PosiDirection,HedgeFlag,PositionDate,YdPosition,Position,LongFrozen,ShortFrozen,LongFrozenAmount,ShortFrozenAmount,OpenVolume,CloseVolume,OpenAmount,CloseAmount,PositionCost,PreMargin,UseMargin,FrozenMargin,FrozenCash,FrozenCommission,CashIn,Commission,CloseProfit,PositionProfit,PreSettlementPrice,SettlementPrice,TradingDay,SettlementID,OpenCost,ExchangeMargin,CombPosition,CombLongFrozen,CombShortFrozen,CloseProfitByDate,CloseProfitByTrade,TodayPosition,MarginRateByMoney,MarginRateByVolume
2019-02-28 10:17:29 191   CTraderSpi::RspPosition	 [Info] rb1903,RohonDemo,lhwj01,'2','1','1',0,5,5,0,0.00,0.00,5,0,189000.00,0.00,189000.00,0.00,18900.00,0.00,0.00,0.00,0.00,26.45,0.00,-400.00,0.00,3772.00,20190228,0,189000.00,18900.00,0,0,0,0.00,0.00,50.00,0.00
2019-02-28 10:17:29 191   CTraderSpi::RspPosition	 [Info] rb1905,RohonDemo,lhwj01,'2','1','1',0,1,0,0,0.00,0.00,1,0,37290.00,0.00,37290.00,0.00,3729.00,0.00,0.00,0.00,0.00,5.22,0.00,-10.00,0.00,3728.00,20190228,0,37290.00,3729.00,0,0,0,0.00,0.00,10.00,0.00
2019-02-28 10:17:29 191   CTraderSpi::RspPosition	 [Info] 查询结束!
2019-02-28 10:17:30 607   CTraderSpi::RspQryTrade	 [Info] [536870987] [rb1905] 买 开仓 3729.00, 1, Seq:536870987
2019-02-28 10:17:30 607   CTraderSpi::RspQryTrade	 [Info] [536870993] [rb1903] 买 开仓 3780.00, 1, Seq:536870993
2019-02-28 10:17:30 623   CTraderSpi::RspQryTrade	 [Info] [536870994] [rb1903] 买 开仓 3780.00, 1, Seq:536870994
2019-02-28 10:17:30 623   CTraderSpi::RspQryTrade	 [Info] [536870995] [rb1903] 买 开仓 3780.00, 1, Seq:536870995
2019-02-28 10:17:30 623   CTraderSpi::RspQryTrade	 [Info] [536870996] [rb1903] 买 开仓 3780.00, 1, Seq:536870996
2019-02-28 10:17:30 623   CTraderSpi::RspQryTrade	 [Info] [536870997] [rb1903] 买 开仓 3780.00, 1, Seq:536870997
2019-02-28 10:17:30 623   CTraderSpi::RspQryTrade	 [Info] 查询成交结束
