[2019-02-28 10:16:08 643 3254] <app>[0x00000001][    RohonApi] - [ip:192.168.30.10][mac:5E-6E-96-37-DF-BF]
[2019-02-28 10:16:08 643 3254] <app>[0x00000001][    RohonApi] - [ip:192.168.1.122][mac:8C-EC-4B-5C-0B-AD]
[2019-02-28 10:16:08 643 3254] <app>[0x00000001][    RohonApi] - [ip:192.168.214.1][mac:00-50-56-C0-00-01]
[2019-02-28 10:16:08 643 3254] <app>[0x00000001][    RohonApi] - [ip:192.168.130.1][mac:00-50-56-C0-00-08]
[2019-02-28 10:16:08 643 3254] <app>[0x00000001][   Interface] - CreateFtdcTraderApi static Current Version 27.4.1.4
[2019-02-28 10:16:08 643 3254] <app>[0x00000001][    RohonApi] - RegisterSpi
[2019-02-28 10:16:08 643 3254] <app>[0x00000001][    RohonApi] - RegisterFront tcp://120.26.112.186:10001
[2019-02-28 10:16:08 659 3254] <app>[0x00000001][    RohonApi] - SubscribePrivateTopic THOST_TERT_RESTART
[2019-02-28 10:16:08 659 3254] <app>[0x00000001][    RohonApi] - SubscribePublicTopic THOST_TERT_RESTART
[2019-02-28 10:16:08 659 3254] <app>[0x00000001][    RohonApi] - Init -->
[2019-02-28 10:16:08 659 3254] Thread(SockTranferWorkThread)[0x264c] create by thread[0x3254] suspend
[2019-02-28 10:16:08 659 3254] Thread(SockConnectWorkThread)[0x22a0] create by thread[0x3254] suspend
[2019-02-28 10:16:08 659 3254] <app>[0x00000001][    RohonApi] - Init <--
[2019-02-28 10:16:08 659 22a0] [0x006523e0]create THREAD[22a0:10256](SockConnectWorkThread)
[2019-02-28 10:16:08 659 22a0] THREAD[0x22a0:10256](SockConnectWorkThread) runing
[2019-02-28 10:16:08 659 264c] [0x006524f0]create THREAD[264c:10256](SockTranferWorkThread)
[2019-02-28 10:16:08 659 264c] THREAD[0x264c:10256](SockTranferWorkThread) runing
[2019-02-28 10:16:08 799 264c] <app>[0x00000001][  TcpHandler] - OnConnectOk begin
[2019-02-28 10:16:08 799 264c] 成功分配第1个定时资源组(每组256个资源)
[2019-02-28 10:16:08 799 264c] <app>[0x00000001][    RohonApi] - ReqUserLogin [lhwj01] [192.168.1.122] [8C-EC-4B-5C-0B-AD]
[2019-02-28 10:16:08 799 264c] <app>[0x00000001][    RohonApi] - ReqUserLogin send. [1]
[2019-02-28 10:16:08 799 264c] <app>[0x00000001][  TcpHandler] - OnConnectOk end
[2019-02-28 10:16:08 815 264c] <app>[0x00000001][  TcpHandler] - Handle Message [0x20198001] begin...  
[2019-02-28 10:16:08 815 264c] <app>[0x00000001][  TcpHandler] - OnRspUserLogin
[2019-02-28 10:16:08 815 264c] <app>[0x00000001][  TcpHandler] - Login success, [lhwj01][RohonDemo][20190228][10:16:11][融航柜台系统] 1551269489 715[0] [10:16:29][10:16:29][10:16:29][10:16:29][10:16:29]
[2019-02-28 10:16:08 815 264c] <app>[0x00000001][  TcpHandler] - THOST_TERT_RESTART, convert ReqQryOrder to OnRtnOrder!
[2019-02-28 10:16:08 815 264c] <app>[0x00000001][    RohonApi] - ReqQryOrder
[2019-02-28 10:16:08 815 264c] <app>[0x00000001][    RohonApi] - ReqQryOrder send. [1]
[2019-02-28 10:16:08 815 264c] <app>[0x00000001][    RohonApi] - ReqQryTrade
[2019-02-28 10:16:08 815 264c] <app>[0x00000001][    RohonApi] - ReqQryTrade send. [1]
[2019-02-28 10:16:08 815 264c] <app>[0x00000001][    RohonApi] - ReqSettlementInfoConfirm
[2019-02-28 10:16:08 815 264c] <app>[0x00000001][  TcpHandler] - Handle Message [0x20198001] end...  
[2019-02-28 10:16:08 815 264c] <app>[0x00000001][  TcpHandler] - Handle Message [0x4019800a] begin...  
[2019-02-28 10:16:08 815 264c] <app>[0x00000001][  TcpHandler] - OnRtnInstrumentStatus [SHFE][ag]['2'][]
[2019-02-28 10:16:08 815 264c] <app>[0x00000001][  TcpHandler] - Handle Message [0x4019800a] end...  
[2019-02-28 10:16:08 815 264c] <app>[0x00000001][  TcpHandler] - Handle Message [0x4019800a] begin...  
[2019-02-28 10:16:08 815 264c] <app>[0x00000001][  TcpHandler] - OnRtnInstrumentStatus [SHFE][al]['2'][]
[2019-02-28 10:16:08 815 264c] <app>[0x00000001][  TcpHandler] - Handle Message [0x4019800a] end...  
[2019-02-28 10:16:08 815 264c] <app>[0x00000001][  TcpHandler] - Handle Message [0x4019800a] begin...  
[2019-02-28 10:16:08 815 264c] <app>[0x00000001][  TcpHandler] - OnRtnInstrumentStatus [SHFE][au]['2'][]
[2019-02-28 10:16:08 815 264c] <app>[0x00000001][  TcpHandler] - Handle Message [0x4019800a] end...  
[2019-02-28 10:16:08 815 264c] <app>[0x00000001][  TcpHandler] - Handle Message [0x4019800a] begin...  
[2019-02-28 10:16:08 815 264c] <app>[0x00000001][  TcpHandler] - OnRtnInstrumentStatus [SHFE][bu]['2'][]
[2019-02-28 10:16:08 815 264c] <app>[0x00000001][  TcpHandler] - Handle Message [0x4019800a] end...  
[2019-02-28 10:16:08 815 264c] <app>[0x00000001][  TcpHandler] - Handle Message [0x4019800a] begin...  
[2019-02-28 10:16:08 815 264c] <app>[0x00000001][  TcpHandler] - OnRtnInstrumentStatus [SHFE][cu]['2'][]
[2019-02-28 10:16:08 815 264c] <app>[0x00000001][  TcpHandler] - Handle Message [0x4019800a] end...  
[2019-02-28 10:16:08 815 264c] <app>[0x00000001][  TcpHandler] - Handle Message [0x4019800a] begin...  
[2019-02-28 10:16:08 815 264c] <app>[0x00000001][  TcpHandler] - OnRtnInstrumentStatus [SHFE][fu]['2'][]
[2019-02-28 10:16:08 815 264c] <app>[0x00000001][  TcpHandler] - Handle Message [0x4019800a] end...  
[2019-02-28 10:16:08 815 264c] <app>[0x00000001][  TcpHandler] - Handle Message [0x4019800a] begin...  
[2019-02-28 10:16:08 815 264c] <app>[0x00000001][  TcpHandler] - OnRtnInstrumentStatus [SHFE][hc]['2'][]
[2019-02-28 10:16:08 815 264c] <app>[0x00000001][  TcpHandler] - Handle Message [0x4019800a] end...  
[2019-02-28 10:16:08 815 264c] <app>[0x00000001][  TcpHandler] - Handle Message [0x4019800a] begin...  
[2019-02-28 10:16:08 815 264c] <app>[0x00000001][  TcpHandler] - OnRtnInstrumentStatus [SHFE][ni]['2'][]
[2019-02-28 10:16:08 815 264c] <app>[0x00000001][  TcpHandler] - Handle Message [0x4019800a] end...  
[2019-02-28 10:16:08 815 264c] <app>[0x00000001][  TcpHandler] - Handle Message [0x4019800a] begin...  
[2019-02-28 10:16:08 815 264c] <app>[0x00000001][  TcpHandler] - OnRtnInstrumentStatus [SHFE][pb]['2'][]
[2019-02-28 10:16:08 815 264c] <app>[0x00000001][  TcpHandler] - Handle Message [0x4019800a] end...  
[2019-02-28 10:16:08 815 264c] <app>[0x00000001][  TcpHandler] - Handle Message [0x4019800a] begin...  
[2019-02-28 10:16:08 815 264c] <app>[0x00000001][  TcpHandler] - OnRtnInstrumentStatus [SHFE][rb]['2'][]
[2019-02-28 10:16:08 815 264c] <app>[0x00000001][  TcpHandler] - Handle Message [0x4019800a] end...  
[2019-02-28 10:16:08 815 264c] <app>[0x00000001][  TcpHandler] - Handle Message [0x4019800a] begin...  
[2019-02-28 10:16:08 815 264c] <app>[0x00000001][  TcpHandler] - OnRtnInstrumentStatus [SHFE][ru]['2'][]
[2019-02-28 10:16:08 815 264c] <app>[0x00000001][  TcpHandler] - Handle Message [0x4019800a] end...  
[2019-02-28 10:16:08 815 264c] <app>[0x00000001][  TcpHandler] - Handle Message [0x4019800a] begin...  
[2019-02-28 10:16:08 815 264c] <app>[0x00000001][  TcpHandler] - OnRtnInstrumentStatus [SHFE][sp]['2'][]
[2019-02-28 10:16:08 815 264c] <app>[0x00000001][  TcpHandler] - Handle Message [0x4019800a] end...  
[2019-02-28 10:16:08 815 264c] <app>[0x00000001][  TcpHandler] - Handle Message [0x4019800a] begin...  
[2019-02-28 10:16:08 815 264c] <app>[0x00000001][  TcpHandler] - OnRtnInstrumentStatus [CFFEX][IC]['2'][]
[2019-02-28 10:16:08 815 264c] <app>[0x00000001][  TcpHandler] - Handle Message [0x4019800a] end...  
[2019-02-28 10:16:08 815 264c] <app>[0x00000001][  TcpHandler] - Handle Message [0x4019800a] begin...  
[2019-02-28 10:16:08 815 264c] <app>[0x00000001][  TcpHandler] - OnRtnInstrumentStatus [CFFEX][IF]['2'][]
[2019-02-28 10:16:08 815 264c] <app>[0x00000001][  TcpHandler] - Handle Message [0x4019800a] end...  
[2019-02-28 10:16:08 815 264c] <app>[0x00000001][  TcpHandler] - Handle Message [0x4019800a] begin...  
[2019-02-28 10:16:08 815 264c] <app>[0x00000001][  TcpHandler] - OnRtnInstrumentStatus [CFFEX][IH]['2'][]
[2019-02-28 10:16:08 815 264c] <app>[0x00000001][  TcpHandler] - Handle Message [0x4019800a] end...  
[2019-02-28 10:16:08 815 264c] <app>[0x00000001][  TcpHandler] - Handle Message [0x4019800a] begin...  
[2019-02-28 10:16:08 815 264c] <app>[0x00000001][  TcpHandler] - OnRtnInstrumentStatus [CFFEX][T]['2'][]
[2019-02-28 10:16:08 815 264c] <app>[0x00000001][  TcpHandler] - Handle Message [0x4019800a] end...  
[2019-02-28 10:16:08 815 264c] <app>[0x00000001][  TcpHandler] - Handle Message [0x4019800a] begin...  
[2019-02-28 10:16:08 815 264c] <app>[0x00000001][  TcpHandler] - OnRtnInstrumentStatus [CFFEX][TF]['2'][]
[2019-02-28 10:16:08 815 264c] <app>[0x00000001][  TcpHandler] - Handle Message [0x4019800a] end...  
[2019-02-28 10:16:08 815 264c] <app>[0x00000001][  TcpHandler] - Handle Message [0x4019800a] begin...  
[2019-02-28 10:16:08 815 264c] <app>[0x00000001][  TcpHandler] - OnRtnInstrumentStatus [CFFEX][TS]['2'][]
[2019-02-28 10:16:08 815 264c] <app>[0x00000001][  TcpHandler] - Handle Message [0x4019800a] end...  
[2019-02-28 10:16:08 815 264c] <app>[0x00000001][  TcpHandler] - Handle Message [0x4019800a] begin...  
[2019-02-28 10:16:08 815 264c] <app>[0x00000001][  TcpHandler] - OnRtnInstrumentStatus [DCE][a]['2'][]
[2019-02-28 10:16:08 815 264c] <app>[0x00000001][  TcpHandler] - Handle Message [0x4019800a] end...  
[2019-02-28 10:16:08 815 264c] <app>[0x00000001][  TcpHandler] - Handle Message [0x4019800a] begin...  
[2019-02-28 10:16:08 815 264c] <app>[0x00000001][  TcpHandler] - OnRtnInstrumentStatus [DCE][b]['2'][]
[2019-02-28 10:16:08 815 264c] <app>[0x00000001][  TcpHandler] - Handle Message [0x4019800a] end...  
[2019-02-28 10:16:08 815 264c] <app>[0x00000001][  TcpHandler] - Handle Message [0x4019800a] begin...  
[2019-02-28 10:16:08 815 264c] <app>[0x00000001][  TcpHandler] - OnRtnInstrumentStatus [DCE][i]['2'][]
[2019-02-28 10:16:08 815 264c] <app>[0x00000001][  TcpHandler] - Handle Message [0x4019800a] end...  
[2019-02-28 10:16:08 815 264c] <app>[0x00000001][  TcpHandler] - Handle Message [0x4019800a] begin...  
[2019-02-28 10:16:08 815 264c] <app>[0x00000001][  TcpHandler] - OnRtnInstrumentStatus [DCE][j]['2'][]
[2019-02-28 10:16:08 815 264c] <app>[0x00000001][  TcpHandler] - Handle Message [0x4019800a] end...  
[2019-02-28 10:16:08 830 264c] <app>[0x00000001][  TcpHandler] - Handle Message [0x4019800a] begin...  
[2019-02-28 10:16:08 830 264c] <app>[0x00000001][  TcpHandler] - OnRtnInstrumentStatus [DCE][jm]['2'][]
[2019-02-28 10:16:08 830 264c] <app>[0x00000001][  TcpHandler] - Handle Message [0x4019800a] end...  
[2019-02-28 10:16:08 830 264c] <app>[0x00000001][  TcpHandler] - Handle Message [0x4019800a] begin...  
[2019-02-28 10:16:08 830 264c] <app>[0x00000001][  TcpHandler] - OnRtnInstrumentStatus [DCE][m]['2'][]
[2019-02-28 10:16:08 830 264c] <app>[0x00000001][  TcpHandler] - Handle Message [0x4019800a] end...  
[2019-02-28 10:16:08 830 264c] <app>[0x00000001][  TcpHandler] - Handle Message [0x4019800a] begin...  
[2019-02-28 10:16:08 830 264c] <app>[0x00000001][  TcpHandler] - OnRtnInstrumentStatus [DCE][p]['2'][]
[2019-02-28 10:16:08 830 264c] <app>[0x00000001][  TcpHandler] - Handle Message [0x4019800a] end...  
[2019-02-28 10:16:08 830 264c] <app>[0x00000001][  TcpHandler] - Handle Message [0x4019800a] begin...  
[2019-02-28 10:16:08 830 264c] <app>[0x00000001][  TcpHandler] - OnRtnInstrumentStatus [DCE][y]['2'][]
[2019-02-28 10:16:08 830 264c] <app>[0x00000001][  TcpHandler] - Handle Message [0x4019800a] end...  
[2019-02-28 10:16:08 830 264c] <app>[0x00000001][  TcpHandler] - Handle Message [0x4019800a] begin...  
[2019-02-28 10:16:08 830 264c] <app>[0x00000001][  TcpHandler] - OnRtnInstrumentStatus [CZCE][CF]['2'][]
[2019-02-28 10:16:08 830 264c] <app>[0x00000001][  TcpHandler] - Handle Message [0x4019800a] end...  
[2019-02-28 10:16:08 830 264c] <app>[0x00000001][  TcpHandler] - Handle Message [0x4019800a] begin...  
[2019-02-28 10:16:08 830 264c] <app>[0x00000001][  TcpHandler] - OnRtnInstrumentStatus [CZCE][CY]['2'][]
[2019-02-28 10:16:08 830 264c] <app>[0x00000001][  TcpHandler] - Handle Message [0x4019800a] end...  
[2019-02-28 10:16:08 830 264c] <app>[0x00000001][  TcpHandler] - Handle Message [0x4019800a] begin...  
[2019-02-28 10:16:08 830 264c] <app>[0x00000001][  TcpHandler] - OnRtnInstrumentStatus [CZCE][FG]['2'][]
[2019-02-28 10:16:08 830 264c] <app>[0x00000001][  TcpHandler] - Handle Message [0x4019800a] end...  
[2019-02-28 10:16:08 830 264c] <app>[0x00000001][  TcpHandler] - Handle Message [0x4019800a] begin...  
[2019-02-28 10:16:08 830 264c] <app>[0x00000001][  TcpHandler] - OnRtnInstrumentStatus [CZCE][MA]['2'][]
[2019-02-28 10:16:08 830 264c] <app>[0x00000001][  TcpHandler] - Handle Message [0x4019800a] end...  
[2019-02-28 10:16:08 830 264c] <app>[0x00000001][  TcpHandler] - Handle Message [0x4019800a] begin...  
[2019-02-28 10:16:08 830 264c] <app>[0x00000001][  TcpHandler] - OnRtnInstrumentStatus [CZCE][OI]['2'][]
[2019-02-28 10:16:08 830 264c] <app>[0x00000001][  TcpHandler] - Handle Message [0x4019800a] end...  
[2019-02-28 10:16:08 830 264c] <app>[0x00000001][  TcpHandler] - Handle Message [0x4019800a] begin...  
[2019-02-28 10:16:08 830 264c] <app>[0x00000001][  TcpHandler] - OnRtnInstrumentStatus [CZCE][RM]['2'][]
[2019-02-28 10:16:08 830 264c] <app>[0x00000001][  TcpHandler] - Handle Message [0x4019800a] end...  
[2019-02-28 10:16:08 830 264c] <app>[0x00000001][  TcpHandler] - Handle Message [0x4019800a] begin...  
[2019-02-28 10:16:08 830 264c] <app>[0x00000001][  TcpHandler] - OnRtnInstrumentStatus [CZCE][SR]['2'][]
[2019-02-28 10:16:08 830 264c] <app>[0x00000001][  TcpHandler] - Handle Message [0x4019800a] end...  
[2019-02-28 10:16:08 830 264c] <app>[0x00000001][  TcpHandler] - Handle Message [0x4019800a] begin...  
[2019-02-28 10:16:08 830 264c] <app>[0x00000001][  TcpHandler] - OnRtnInstrumentStatus [CZCE][TA]['2'][]
[2019-02-28 10:16:08 830 264c] <app>[0x00000001][  TcpHandler] - Handle Message [0x4019800a] end...  
[2019-02-28 10:16:08 830 264c] <app>[0x00000001][  TcpHandler] - Handle Message [0x4019800a] begin...  
[2019-02-28 10:16:08 830 264c] <app>[0x00000001][  TcpHandler] - OnRtnInstrumentStatus [CZCE][TC]['2'][]
[2019-02-28 10:16:08 830 264c] <app>[0x00000001][  TcpHandler] - Handle Message [0x4019800a] end...  
[2019-02-28 10:16:08 830 264c] <app>[0x00000001][  TcpHandler] - Handle Message [0x4019800a] begin...  
[2019-02-28 10:16:08 830 264c] <app>[0x00000001][  TcpHandler] - OnRtnInstrumentStatus [CZCE][ZC]['2'][]
[2019-02-28 10:16:08 830 264c] <app>[0x00000001][  TcpHandler] - Handle Message [0x4019800a] end...  
[2019-02-28 10:16:08 830 264c] <app>[0x00000001][  TcpHandler] - Handle Message [0x4019800a] begin...  
[2019-02-28 10:16:08 830 264c] <app>[0x00000001][  TcpHandler] - OnRtnInstrumentStatus [INE][sc]['2'][]
[2019-02-28 10:16:08 830 264c] <app>[0x00000001][  TcpHandler] - Handle Message [0x4019800a] end...  
[2019-02-28 10:16:08 830 264c] <app>[0x00000001][  TcpHandler] - Handle Message [0x2019800e] begin...  
[2019-02-28 10:16:08 830 264c] <app>[0x00000001][  TcpHandler] - OnRspSettlementInfoConfirm
[2019-02-28 10:16:08 830 264c] <app>[0x00000001][  TcpHandler] - OnRspSettlementInfoConfirm [lhwj01] [RohonDemo] [20190228] [10:16:11]
[2019-02-28 10:16:08 830 264c] <app>[0x00000001][  TcpHandler] - Handle Message [0x2019800e] end...  
[2019-02-28 10:16:08 893 264c] <app>[0x00000001][  TcpHandler] - Handle Message [0x2019800f] begin...  
[2019-02-28 10:16:08 893 264c] <app>[0x00000001][  TcpHandler] - OnRspQryOrder
[2019-02-28 10:16:08 893 264c] <app>[0x00000001][  TcpHandler] - [QRYORD to OnRtnOrder][1551269489:659][0][536870987] [rb1905]['0'] '0' '0'   1   1   0 3750.00 20190228 10:01:15 20190228 
[2019-02-28 10:16:08 893 264c] <app>[0x00000001][  TcpHandler] - Handle Message [0x2019800f] end...  
[2019-02-28 10:16:08 893 264c] <app>[0x00000001][  TcpHandler] - Handle Message [0x20198010] begin...  
[2019-02-28 10:16:08 893 264c] <app>[0x00000001][  TcpHandler] - OnRspQryTrade
[2019-02-28 10:16:08 893 264c] <app>[0x00000001][  TcpHandler] - QRYTRD to RTNTRADE
[2019-02-28 10:16:08 893 264c] <app>[0x00000001][  TcpHandler] - Handle Message [0x20198010] end...  
[2019-02-28 10:16:13 705 3254] <app>[0x00000001][    RohonApi] - ReqQryTrade
[2019-02-28 10:16:13 705 3254] <app>[0x00000001][    RohonApi] - ReqQryTrade send. [1]
[2019-02-28 10:16:13 721 264c] <app>[0x00000001][  TcpHandler] - Handle Message [0x20198010] begin...  
[2019-02-28 10:16:13 721 264c] <app>[0x00000001][  TcpHandler] - OnRspQryTrade
[2019-02-28 10:16:13 721 264c] <app>[0x00000001][  TcpHandler] - OnRspQryTrade - [RohonDemo][lhwj01][rb1905][0][lhwj01] [SHFE][                  89]'0'[536870987][103440] [103440]'1'[rb1905]'0''1'  3729.000 1 [20190228][10:00:57]'0'  '0'[103440][0][103440][5c767e71      293]  2 [20190228] 0 536870987 '
[2019-02-28 10:16:13 721 264c] <app>[0x00000001][  TcpHandler] - Handle Message [0x20198010] end...  
[2019-02-28 10:16:25 710 24ac] <app>[0x00000001][   HeartBeat] - OnTimer begin
[2019-02-28 10:16:25 710 24ac] <app>[0x00000001][   HeartBeat] - Send HeartBeat
[2019-02-28 10:16:25 710 24ac] <app>[0x00000001][   HeartBeat] - OnTimer end
[2019-02-28 10:16:25 726 264c] <app>[0x00000001][  TcpHandler] - receive HeartBeat
[2019-02-28 10:16:25 726 264c] <app>[0x00000001][   HeartBeat] - Set HeartBeat Timer 0x00310032
[2019-02-28 10:16:37 726 24ac] <app>[0x00000001][   HeartBeat] - OnTimer begin
[2019-02-28 10:16:37 726 24ac] <app>[0x00000001][   HeartBeat] - Send HeartBeat
[2019-02-28 10:16:37 726 24ac] <app>[0x00000001][   HeartBeat] - OnTimer end
[2019-02-28 10:16:37 741 264c] <app>[0x00000001][  TcpHandler] - receive HeartBeat
[2019-02-28 10:16:37 741 264c] <app>[0x00000001][   HeartBeat] - Set HeartBeat Timer 0x00330034
[2019-02-28 10:16:49 748 24ac] <app>[0x00000001][   HeartBeat] - OnTimer begin
[2019-02-28 10:16:49 748 24ac] <app>[0x00000001][   HeartBeat] - Send HeartBeat
[2019-02-28 10:16:49 748 24ac] <app>[0x00000001][   HeartBeat] - OnTimer end
[2019-02-28 10:16:49 779 264c] <app>[0x00000001][  TcpHandler] - receive HeartBeat
[2019-02-28 10:16:49 779 264c] <app>[0x00000001][   HeartBeat] - Set HeartBeat Timer 0x00350036
[2019-02-28 10:17:01 767 24ac] <app>[0x00000001][   HeartBeat] - OnTimer begin
[2019-02-28 10:17:01 767 24ac] <app>[0x00000001][   HeartBeat] - Send HeartBeat
[2019-02-28 10:17:01 767 24ac] <app>[0x00000001][   HeartBeat] - OnTimer end
[2019-02-28 10:17:01 783 264c] <app>[0x00000001][  TcpHandler] - receive HeartBeat
[2019-02-28 10:17:01 783 264c] <app>[0x00000001][   HeartBeat] - Set HeartBeat Timer 0x00370038
[2019-02-28 10:17:02 394 3254] <app>[0x00000001][    RohonApi] - ReqOrderInsert [COMMIT][0] [rb1903] '0' '0' '2' 3780.00 2
[2019-02-28 10:17:02 394 3254] <app>[0x00000001][    RohonApi] - ReqOrderInsert ready to send.
[2019-02-28 10:17:02 394 3254] <app>[0x00000001][    RohonApi] - ReqOrderInsert send. [1]
[2019-02-28 10:17:02 410 264c] <app>[0x00000001][  TcpHandler] - Handle Message [0x40198006] begin...  
[2019-02-28 10:17:02 410 264c] <app>[0x00000001][  TcpHandler] - [RESPON][0][536870993] [rb1903]['a'] '0' '0'   2   0   2 3780.00 20190228 10:17:23 20190228 
[2019-02-28 10:17:02 410 264c] <app>[0x00000001][  TcpHandler] - OnRtnOrder- [RohonDemo][lhwj01][rb1903][0][lhwj01] '2''0'[0][1] 3780.000  2 '3'[]'1' 1  '1'0.000 '0''0'[5c767e71      2cb]  4[536870993][SHFE][103440][103440] [rb1903][103440] 0 '0' 0  [20190228] 0 []'0''a'  '0' 0 2 [20190228][10:17:23]  [][][][][]  [] 0 1551269489 715 [RohonStock]  [报单已提交] 0 [] 536870993 []  0 0
[2019-02-28 10:17:02 410 264c] <app>[0x00000001][  TcpHandler] - OnRtnOrder- [RohonDemo][lhwj01][rb1903][0][lhwj01] '2''0'[0][1] 3780.000  2 '3'[]'1' 1  '1'0.000 '0''0'[5c767e71      2cb]  4[536870993][SHFE][103440][103440] [rb1903][103440] 0 '0' 0  [20190228] 0 [536870993]'0''a'  '0' 0 2 [20190228][10:17:23]  [][][][][]  [] 0 1551269489 715 [RohonStock]  [报单已提交] 0 [] 536870993 []  0 0
[2019-02-28 10:17:02 410 264c] <app>[0x00000001][  TcpHandler] - Handle Message [0x40198006] end...  
[2019-02-28 10:17:02 410 264c] <app>[0x00000001][  TcpHandler] - Handle Message [0x40198006] begin...  
[2019-02-28 10:17:02 410 264c] <app>[0x00000001][  TcpHandler] - [RESPON][0][536870993] [rb1903]['3'] '0' '0'   2   0   2 3780.00 20190228 10:17:23 20190228 
[2019-02-28 10:17:02 410 264c] <app>[0x00000001][  TcpHandler] - RtnOrder- [RohonDemo][lhwj01][rb1903][0][lhwj01] '2''0'[0][1] 3780.000  2 '3'[]'1' 1  '1'0.000 '0''0'[5c767e71      2cb]  4[536870993][SHFE][103440][103440] [rb1903][103440] 0 '0' 0  [20190228] 0 [536870993]'0''3'  '0' 0 2 [20190228][10:17:23]  [][][][][]  [] 0 1551269489 715 [RohonStock]  [报单已提交] 0 [] 536870993 []  0 0
[2019-02-28 10:17:02 410 264c] <app>[0x00000001][  TcpHandler] - Handle Message [0x40198006] end...  
[2019-02-28 10:17:02 425 264c] <app>[0x00000001][  TcpHandler] - Handle Message [0x40198006] begin...  
[2019-02-28 10:17:02 425 264c] <app>[0x00000001][  TcpHandler] - [RESPON][0][536870993] [rb1903]['1'] '0' '0'   2   1   1 3780.00 20190228 10:17:23 20190228 
[2019-02-28 10:17:02 425 264c] <app>[0x00000001][  TcpHandler] - RtnOrder- [RohonDemo][lhwj01][rb1903][0][lhwj01] '2''0'[0][1] 3780.000  2 '3'[]'1' 1  '1'0.000 '0''0'[5c767e71      2cb]  4[536870993][SHFE][103440][103440] [rb1903][103440] 0 '0' 0  [20190228] 0 [536870993]'0''1'  '0' 1 1 [20190228][10:17:23]  [][][][][]  [] 0 1551269489 715 [RohonStock]  [报单部分成交在队列中] 0 [] 536870993 [1017050088]  0 0
[2019-02-28 10:17:02 425 264c] <app>[0x00000001][  TcpHandler] - Handle Message [0x40198006] end...  
[2019-02-28 10:17:02 425 264c] <app>[0x00000001][  TcpHandler] - Handle Message [0x40198007] begin...  
[2019-02-28 10:17:02 425 264c] <app>[0x00000001][  TcpHandler] - [RTNTRD][0][536870993][                  94] rb1903 3780.00 1 10:17:05
[2019-02-28 10:17:02 425 264c] <app>[0x00000001][  TcpHandler] - OnRtnTrade - [RohonDemo][lhwj01][rb1903][0][lhwj01] [SHFE][                  94]'0'[536870993][103440] [103440]'1'[rb1903]'0''1'  3780.000 1 [20190228][10:17:05]'0'  '0'[103440][536870993][103440][5c767e71      2cb]  3 [20190228] 0 536870993 '0'
[2019-02-28 10:17:02 425 264c] <app>[0x00000001][  TcpHandler] - OnRtnTrade - Wait for user process begin
[2019-02-28 10:17:02 425 264c] <app>[0x00000001][  TcpHandler] - OnRtnTrade - Wait for user process end
[2019-02-28 10:17:02 425 264c] <app>[0x00000001][  TcpHandler] - Handle Message [0x40198007] end...  
[2019-02-28 10:17:09 984 3254] <app>[0x00000001][    RohonApi] - ReqOrderInsert [COMMIT][1] [rb1903] '0' '0' '2' 3780.00 2
[2019-02-28 10:17:10 000 3254] <app>[0x00000001][    RohonApi] - ReqOrderInsert ready to send.
[2019-02-28 10:17:10 000 3254] <app>[0x00000001][    RohonApi] - ReqOrderInsert send. [1]
[2019-02-28 10:17:10 031 264c] <app>[0x00000001][  TcpHandler] - Handle Message [0x40198006] begin...  
[2019-02-28 10:17:10 031 264c] <app>[0x00000001][  TcpHandler] - [RESPON][1][536870994] [rb1903]['a'] '0' '0'   2   0   2 3780.00 20190228 10:17:31 20190228 
[2019-02-28 10:17:10 031 264c] <app>[0x00000001][  TcpHandler] - OnRtnOrder- [RohonDemo][lhwj01][rb1903][1][lhwj01] '2''0'[0][1] 3780.000  2 '3'[]'1' 1  '1'0.000 '0''0'[5c767e71      2cb]  6[536870994][SHFE][103440][103440] [rb1903][103440] 0 '0' 0  [20190228] 0 []'0''a'  '0' 0 2 [20190228][10:17:31]  [][][][][]  [] 0 1551269489 715 [RohonStock]  [报单已提交] 0 [] 536870994 []  0 0
[2019-02-28 10:17:10 031 264c] <app>[0x00000001][  TcpHandler] - OnRtnOrder- [RohonDemo][lhwj01][rb1903][1][lhwj01] '2''0'[0][1] 3780.000  2 '3'[]'1' 1  '1'0.000 '0''0'[5c767e71      2cb]  6[536870994][SHFE][103440][103440] [rb1903][103440] 0 '0' 0  [20190228] 0 [536870994]'0''a'  '0' 0 2 [20190228][10:17:31]  [][][][][]  [] 0 1551269489 715 [RohonStock]  [报单已提交] 0 [] 536870994 []  0 0
[2019-02-28 10:17:10 031 264c] <app>[0x00000001][  TcpHandler] - Handle Message [0x40198006] end...  
[2019-02-28 10:17:10 031 264c] <app>[0x00000001][  TcpHandler] - Handle Message [0x40198006] begin...  
[2019-02-28 10:17:10 031 264c] <app>[0x00000001][  TcpHandler] - [RESPON][1][536870994] [rb1903]['3'] '0' '0'   2   0   2 3780.00 20190228 10:17:31 20190228 
[2019-02-28 10:17:10 031 264c] <app>[0x00000001][  TcpHandler] - RtnOrder- [RohonDemo][lhwj01][rb1903][1][lhwj01] '2''0'[0][1] 3780.000  2 '3'[]'1' 1  '1'0.000 '0''0'[5c767e71      2cb]  6[536870994][SHFE][103440][103440] [rb1903][103440] 0 '0' 0  [20190228] 0 [536870994]'0''3'  '0' 0 2 [20190228][10:17:31]  [][][][][]  [] 0 1551269489 715 [RohonStock]  [报单已提交] 0 [] 536870994 []  0 0
[2019-02-28 10:17:10 031 264c] <app>[0x00000001][  TcpHandler] - Handle Message [0x40198006] end...  
[2019-02-28 10:17:10 031 264c] <app>[0x00000001][  TcpHandler] - Handle Message [0x40198006] begin...  
[2019-02-28 10:17:10 031 264c] <app>[0x00000001][  TcpHandler] - [RESPON][1][536870994] [rb1903]['1'] '0' '0'   2   1   1 3780.00 20190228 10:17:31 20190228 
[2019-02-28 10:17:10 031 264c] <app>[0x00000001][  TcpHandler] - RtnOrder- [RohonDemo][lhwj01][rb1903][1][lhwj01] '2''0'[0][1] 3780.000  2 '3'[]'1' 1  '1'0.000 '0''0'[5c767e71      2cb]  6[536870994][SHFE][103440][103440] [rb1903][103440] 0 '0' 0  [20190228] 0 [536870994]'0''1'  '0' 1 1 [20190228][10:17:31]  [][][][][]  [] 0 1551269489 715 [RohonStock]  [报单部分成交在队列中] 0 [] 536870994 [1017130089]  0 0
[2019-02-28 10:17:10 031 264c] <app>[0x00000001][  TcpHandler] - Handle Message [0x40198006] end...  
[2019-02-28 10:17:10 031 264c] <app>[0x00000001][  TcpHandler] - Handle Message [0x40198007] begin...  
[2019-02-28 10:17:10 031 264c] <app>[0x00000001][  TcpHandler] - [RTNTRD][1][536870994][                  95] rb1903 3780.00 1 10:17:13
[2019-02-28 10:17:10 031 264c] <app>[0x00000001][  TcpHandler] - OnRtnTrade - [RohonDemo][lhwj01][rb1903][1][lhwj01] [SHFE][                  95]'0'[536870994][103440] [103440]'1'[rb1903]'0''1'  3780.000 1 [20190228][10:17:13]'0'  '0'[103440][536870994][103440][5c767e71      2cb]  4 [20190228] 0 536870994 '0'
[2019-02-28 10:17:10 031 264c] <app>[0x00000001][  TcpHandler] - OnRtnTrade - Wait for user process begin
[2019-02-28 10:17:10 031 264c] <app>[0x00000001][  TcpHandler] - OnRtnTrade - Wait for user process end
[2019-02-28 10:17:10 031 264c] <app>[0x00000001][  TcpHandler] - Handle Message [0x40198007] end...  
[2019-02-28 10:17:12 176 3254] <app>[0x00000001][    RohonApi] - ReqOrderInsert [COMMIT][2] [rb1903] '0' '0' '2' 3780.00 2
[2019-02-28 10:17:12 176 3254] <app>[0x00000001][    RohonApi] - ReqOrderInsert ready to send.
[2019-02-28 10:17:12 176 3254] <app>[0x00000001][    RohonApi] - ReqOrderInsert send. [1]
[2019-02-28 10:17:12 207 264c] <app>[0x00000001][  TcpHandler] - Handle Message [0x40198006] begin...  
[2019-02-28 10:17:12 207 264c] <app>[0x00000001][  TcpHandler] - [RESPON][2][536870995] [rb1903]['a'] '0' '0'   2   0   2 3780.00 20190228 10:17:33 20190228 
[2019-02-28 10:17:12 207 264c] <app>[0x00000001][  TcpHandler] - OnRtnOrder- [RohonDemo][lhwj01][rb1903][2][lhwj01] '2''0'[0][1] 3780.000  2 '3'[]'1' 1  '1'0.000 '0''0'[5c767e71      2cb]  8[536870995][SHFE][103440][103440] [rb1903][103440] 0 '0' 0  [20190228] 0 []'0''a'  '0' 0 2 [20190228][10:17:33]  [][][][][]  [] 0 1551269489 715 [RohonStock]  [报单已提交] 0 [] 536870995 []  0 0
[2019-02-28 10:17:12 207 264c] <app>[0x00000001][  TcpHandler] - OnRtnOrder- [RohonDemo][lhwj01][rb1903][2][lhwj01] '2''0'[0][1] 3780.000  2 '3'[]'1' 1  '1'0.000 '0''0'[5c767e71      2cb]  8[536870995][SHFE][103440][103440] [rb1903][103440] 0 '0' 0  [20190228] 0 [536870995]'0''a'  '0' 0 2 [20190228][10:17:33]  [][][][][]  [] 0 1551269489 715 [RohonStock]  [报单已提交] 0 [] 536870995 []  0 0
[2019-02-28 10:17:12 207 264c] <app>[0x00000001][  TcpHandler] - Handle Message [0x40198006] end...  
[2019-02-28 10:17:12 207 264c] <app>[0x00000001][  TcpHandler] - Handle Message [0x40198006] begin...  
[2019-02-28 10:17:12 207 264c] <app>[0x00000001][  TcpHandler] - [RESPON][2][536870995] [rb1903]['3'] '0' '0'   2   0   2 3780.00 20190228 10:17:33 20190228 
[2019-02-28 10:17:12 207 264c] <app>[0x00000001][  TcpHandler] - RtnOrder- [RohonDemo][lhwj01][rb1903][2][lhwj01] '2''0'[0][1] 3780.000  2 '3'[]'1' 1  '1'0.000 '0''0'[5c767e71      2cb]  8[536870995][SHFE][103440][103440] [rb1903][103440] 0 '0' 0  [20190228] 0 [536870995]'0''3'  '0' 0 2 [20190228][10:17:33]  [][][][][]  [] 0 1551269489 715 [RohonStock]  [报单已提交] 0 [] 536870995 []  0 0
[2019-02-28 10:17:12 207 264c] <app>[0x00000001][  TcpHandler] - Handle Message [0x40198006] end...  
[2019-02-28 10:17:12 207 264c] <app>[0x00000001][  TcpHandler] - Handle Message [0x40198006] begin...  
[2019-02-28 10:17:12 207 264c] <app>[0x00000001][  TcpHandler] - [RESPON][2][536870995] [rb1903]['1'] '0' '0'   2   1   1 3780.00 20190228 10:17:33 20190228 
[2019-02-28 10:17:12 207 264c] <app>[0x00000001][  TcpHandler] - RtnOrder- [RohonDemo][lhwj01][rb1903][2][lhwj01] '2''0'[0][1] 3780.000  2 '3'[]'1' 1  '1'0.000 '0''0'[5c767e71      2cb]  8[536870995][SHFE][103440][103440] [rb1903][103440] 0 '0' 0  [20190228] 0 [536870995]'0''1'  '0' 1 1 [20190228][10:17:33]  [][][][][]  [] 0 1551269489 715 [RohonStock]  [报单部分成交在队列中] 0 [] 536870995 [1017150090]  0 0
[2019-02-28 10:17:12 207 264c] <app>[0x00000001][  TcpHandler] - Handle Message [0x40198006] end...  
[2019-02-28 10:17:12 207 264c] <app>[0x00000001][  TcpHandler] - Handle Message [0x40198007] begin...  
[2019-02-28 10:17:12 207 264c] <app>[0x00000001][  TcpHandler] - [RTNTRD][2][536870995][                  96] rb1903 3780.00 1 10:17:15
[2019-02-28 10:17:12 207 264c] <app>[0x00000001][  TcpHandler] - OnRtnTrade - [RohonDemo][lhwj01][rb1903][2][lhwj01] [SHFE][                  96]'0'[536870995][103440] [103440]'1'[rb1903]'0''1'  3780.000 1 [20190228][10:17:15]'0'  '0'[103440][536870995][103440][5c767e71      2cb]  5 [20190228] 0 536870995 '0'
[2019-02-28 10:17:12 207 264c] <app>[0x00000001][  TcpHandler] - OnRtnTrade - Wait for user process begin
[2019-02-28 10:17:12 207 264c] <app>[0x00000001][  TcpHandler] - OnRtnTrade - Wait for user process end
[2019-02-28 10:17:12 207 264c] <app>[0x00000001][  TcpHandler] - Handle Message [0x40198007] end...  
[2019-02-28 10:17:15 551 3254] <app>[0x00000001][    RohonApi] - ReqOrderInsert [COMMIT][3] [rb1903] '0' '0' '2' 3780.00 2
[2019-02-28 10:17:15 551 3254] <app>[0x00000001][    RohonApi] - ReqOrderInsert ready to send.
[2019-02-28 10:17:15 551 3254] <app>[0x00000001][    RohonApi] - ReqOrderInsert send. [1]
[2019-02-28 10:17:15 566 264c] <app>[0x00000001][  TcpHandler] - Handle Message [0x40198006] begin...  
[2019-02-28 10:17:15 566 264c] <app>[0x00000001][  TcpHandler] - [RESPON][3][536870996] [rb1903]['a'] '0' '0'   2   0   2 3780.00 20190228 10:17:36 20190228 
[2019-02-28 10:17:15 566 264c] <app>[0x00000001][  TcpHandler] - OnRtnOrder- [RohonDemo][lhwj01][rb1903][3][lhwj01] '2''0'[0][1] 3780.000  2 '3'[]'1' 1  '1'0.000 '0''0'[5c767e71      2cb]  10[536870996][SHFE][103440][103440] [rb1903][103440] 0 '0' 0  [20190228] 0 []'0''a'  '0' 0 2 [20190228][10:17:36]  [][][][][]  [] 0 1551269489 715 [RohonStock]  [报单已提交] 0 [] 536870996 []  0 0
[2019-02-28 10:17:15 566 264c] <app>[0x00000001][  TcpHandler] - OnRtnOrder- [RohonDemo][lhwj01][rb1903][3][lhwj01] '2''0'[0][1] 3780.000  2 '3'[]'1' 1  '1'0.000 '0''0'[5c767e71      2cb]  10[536870996][SHFE][103440][103440] [rb1903][103440] 0 '0' 0  [20190228] 0 [536870996]'0''a'  '0' 0 2 [20190228][10:17:36]  [][][][][]  [] 0 1551269489 715 [RohonStock]  [报单已提交] 0 [] 536870996 []  0 0
[2019-02-28 10:17:15 566 264c] <app>[0x00000001][  TcpHandler] - Handle Message [0x40198006] end...  
[2019-02-28 10:17:16 003 264c] <app>[0x00000001][  TcpHandler] - Handle Message [0x40198006] begin...  
[2019-02-28 10:17:16 003 264c] <app>[0x00000001][  TcpHandler] - [RESPON][3][536870996] [rb1903]['3'] '0' '0'   2   0   2 3780.00 20190228 10:17:36 20190228 
[2019-02-28 10:17:16 003 264c] <app>[0x00000001][  TcpHandler] - RtnOrder- [RohonDemo][lhwj01][rb1903][3][lhwj01] '2''0'[0][1] 3780.000  2 '3'[]'1' 1  '1'0.000 '0''0'[5c767e71      2cb]  10[536870996][SHFE][103440][103440] [rb1903][103440] 0 '0' 0  [20190228] 0 [536870996]'0''3'  '0' 0 2 [20190228][10:17:36]  [][][][][]  [] 0 1551269489 715 [RohonStock]  [报单已提交] 0 [] 536870996 []  0 0
[2019-02-28 10:17:16 003 264c] <app>[0x00000001][  TcpHandler] - Handle Message [0x40198006] end...  
[2019-02-28 10:17:16 003 264c] <app>[0x00000001][  TcpHandler] - Handle Message [0x40198006] begin...  
[2019-02-28 10:17:16 003 264c] <app>[0x00000001][  TcpHandler] - [RESPON][3][536870996] [rb1903]['1'] '0' '0'   2   1   1 3780.00 20190228 10:17:36 20190228 
[2019-02-28 10:17:16 003 264c] <app>[0x00000001][  TcpHandler] - RtnOrder- [RohonDemo][lhwj01][rb1903][3][lhwj01] '2''0'[0][1] 3780.000  2 '3'[]'1' 1  '1'0.000 '0''0'[5c767e71      2cb]  10[536870996][SHFE][103440][103440] [rb1903][103440] 0 '0' 0  [20190228] 0 [536870996]'0''1'  '0' 1 1 [20190228][10:17:36]  [][][][][]  [] 0 1551269489 715 [RohonStock]  [报单部分成交在队列中] 0 [] 536870996 [1017180091]  0 0
[2019-02-28 10:17:16 003 264c] <app>[0x00000001][  TcpHandler] - Handle Message [0x40198006] end...  
[2019-02-28 10:17:16 003 264c] <app>[0x00000001][  TcpHandler] - Handle Message [0x40198007] begin...  
[2019-02-28 10:17:16 003 264c] <app>[0x00000001][  TcpHandler] - [RTNTRD][3][536870996][                  97] rb1903 3780.00 1 10:17:18
[2019-02-28 10:17:16 003 264c] <app>[0x00000001][  TcpHandler] - OnRtnTrade - [RohonDemo][lhwj01][rb1903][3][lhwj01] [SHFE][                  97]'0'[536870996][103440] [103440]'1'[rb1903]'0''1'  3780.000 1 [20190228][10:17:18]'0'  '0'[103440][536870996][103440][5c767e71      2cb]  6 [20190228] 0 536870996 '0'
[2019-02-28 10:17:16 003 264c] <app>[0x00000001][  TcpHandler] - OnRtnTrade - Wait for user process begin
[2019-02-28 10:17:16 003 264c] <app>[0x00000001][  TcpHandler] - OnRtnTrade - Wait for user process end
[2019-02-28 10:17:16 003 264c] <app>[0x00000001][  TcpHandler] - Handle Message [0x40198007] end...  
[2019-02-28 10:17:16 239 3254] <app>[0x00000001][    RohonApi] - ReqOrderInsert [COMMIT][4] [rb1903] '0' '0' '2' 3780.00 2
[2019-02-28 10:17:16 239 3254] <app>[0x00000001][    RohonApi] - ReqOrderInsert ready to send.
[2019-02-28 10:17:16 239 3254] <app>[0x00000001][    RohonApi] - ReqOrderInsert send. [1]
[2019-02-28 10:17:16 255 264c] <app>[0x00000001][  TcpHandler] - Handle Message [0x40198006] begin...  
[2019-02-28 10:17:16 255 264c] <app>[0x00000001][  TcpHandler] - [RESPON][4][536870997] [rb1903]['a'] '0' '0'   2   0   2 3780.00 20190228 10:17:37 20190228 
[2019-02-28 10:17:16 255 264c] <app>[0x00000001][  TcpHandler] - OnRtnOrder- [RohonDemo][lhwj01][rb1903][4][lhwj01] '2''0'[0][1] 3780.000  2 '3'[]'1' 1  '1'0.000 '0''0'[5c767e71      2cb]  12[536870997][SHFE][103440][103440] [rb1903][103440] 0 '0' 0  [20190228] 0 []'0''a'  '0' 0 2 [20190228][10:17:37]  [][][][][]  [] 0 1551269489 715 [RohonStock]  [报单已提交] 0 [] 536870997 []  0 0
[2019-02-28 10:17:16 255 264c] <app>[0x00000001][  TcpHandler] - OnRtnOrder- [RohonDemo][lhwj01][rb1903][4][lhwj01] '2''0'[0][1] 3780.000  2 '3'[]'1' 1  '1'0.000 '0''0'[5c767e71      2cb]  12[536870997][SHFE][103440][103440] [rb1903][103440] 0 '0' 0  [20190228] 0 [536870997]'0''a'  '0' 0 2 [20190228][10:17:37]  [][][][][]  [] 0 1551269489 715 [RohonStock]  [报单已提交] 0 [] 536870997 []  0 0
[2019-02-28 10:17:16 255 264c] <app>[0x00000001][  TcpHandler] - Handle Message [0x40198006] end...  
[2019-02-28 10:17:16 255 264c] <app>[0x00000001][  TcpHandler] - Handle Message [0x40198006] begin...  
[2019-02-28 10:17:16 255 264c] <app>[0x00000001][  TcpHandler] - [RESPON][4][536870997] [rb1903]['3'] '0' '0'   2   0   2 3780.00 20190228 10:17:37 20190228 
[2019-02-28 10:17:16 255 264c] <app>[0x00000001][  TcpHandler] - RtnOrder- [RohonDemo][lhwj01][rb1903][4][lhwj01] '2''0'[0][1] 3780.000  2 '3'[]'1' 1  '1'0.000 '0''0'[5c767e71      2cb]  12[536870997][SHFE][103440][103440] [rb1903][103440] 0 '0' 0  [20190228] 0 [536870997]'0''3'  '0' 0 2 [20190228][10:17:37]  [][][][][]  [] 0 1551269489 715 [RohonStock]  [报单已提交] 0 [] 536870997 []  0 0
[2019-02-28 10:17:16 255 264c] <app>[0x00000001][  TcpHandler] - Handle Message [0x40198006] end...  
[2019-02-28 10:17:16 255 264c] <app>[0x00000001][  TcpHandler] - Handle Message [0x40198006] begin...  
[2019-02-28 10:17:16 255 264c] <app>[0x00000001][  TcpHandler] - [RESPON][4][536870997] [rb1903]['1'] '0' '0'   2   1   1 3780.00 20190228 10:17:37 20190228 
[2019-02-28 10:17:16 255 264c] <app>[0x00000001][  TcpHandler] - RtnOrder- [RohonDemo][lhwj01][rb1903][4][lhwj01] '2''0'[0][1] 3780.000  2 '3'[]'1' 1  '1'0.000 '0''0'[5c767e71      2cb]  12[536870997][SHFE][103440][103440] [rb1903][103440] 0 '0' 0  [20190228] 0 [536870997]'0''1'  '0' 1 1 [20190228][10:17:37]  [][][][][]  [] 0 1551269489 715 [RohonStock]  [报单部分成交在队列中] 0 [] 536870997 [1017190092]  0 0
[2019-02-28 10:17:16 255 264c] <app>[0x00000001][  TcpHandler] - Handle Message [0x40198006] end...  
[2019-02-28 10:17:16 270 264c] <app>[0x00000001][  TcpHandler] - Handle Message [0x40198007] begin...  
[2019-02-28 10:17:16 270 264c] <app>[0x00000001][  TcpHandler] - [RTNTRD][4][536870997][                  98] rb1903 3780.00 1 10:17:19
[2019-02-28 10:17:16 270 264c] <app>[0x00000001][  TcpHandler] - OnRtnTrade - [RohonDemo][lhwj01][rb1903][4][lhwj01] [SHFE][                  98]'0'[536870997][103440] [103440]'1'[rb1903]'0''1'  3780.000 1 [20190228][10:17:19]'0'  '0'[103440][536870997][103440][5c767e71      2cb]  7 [20190228] 0 536870997 '0'
[2019-02-28 10:17:16 270 264c] <app>[0x00000001][  TcpHandler] - OnRtnTrade - Wait for user process begin
[2019-02-28 10:17:16 270 264c] <app>[0x00000001][  TcpHandler] - OnRtnTrade - Wait for user process end
[2019-02-28 10:17:16 270 264c] <app>[0x00000001][  TcpHandler] - Handle Message [0x40198007] end...  
[2019-02-28 10:17:28 281 24ac] <app>[0x00000001][   HeartBeat] - OnTimer begin
[2019-02-28 10:17:28 281 24ac] <app>[0x00000001][   HeartBeat] - Send HeartBeat
[2019-02-28 10:17:28 281 24ac] <app>[0x00000001][   HeartBeat] - OnTimer end
[2019-02-28 10:17:28 296 264c] <app>[0x00000001][  TcpHandler] - receive HeartBeat
[2019-02-28 10:17:28 296 264c] <app>[0x00000001][   HeartBeat] - Set HeartBeat Timer 0x00520053
[2019-02-28 10:17:29 123 3254] <app>[0x00000001][    RohonApi] - ReqQryInvestorPosition
[2019-02-28 10:17:29 123 3254] <app>[0x00000001][    RohonApi] - ReqQryInvestorPosition send. [1]
[2019-02-28 10:17:29 191 264c] <app>[0x00000001][  TcpHandler] - Handle Message [0x20198011] begin...  
[2019-02-28 10:17:29 191 264c] <app>[0x00000001][  TcpHandler] - OnRspQryInvestorPosition
[2019-02-28 10:17:29 191 264c] <app>[0x00000001][  TcpHandler] - OnRspQryInvestorPosition - [rb1903][RohonDemo][lhwj01]'2''1'  '1'0 5 5 0  0.00 0.00 5 0 189000.00  0.00 189000.00 0.00 18900.00 0.00  0.00 0.00 0.00 26.45 0.00  -400.00 3787.00 3772.00 [20190228] 0  189000.00 18900.00 0 0 0  0.00 0.00 5 0.00 0.00
[2019-02-28 10:17:29 191 264c] <app>[0x00000001][  TcpHandler] - Handle Message [0x20198011] end...  
[2019-02-28 10:17:29 191 264c] <app>[0x00000001][  TcpHandler] - Handle Message [0x20198011] begin...  
[2019-02-28 10:17:29 191 264c] <app>[0x00000001][  TcpHandler] - OnRspQryInvestorPosition
[2019-02-28 10:17:29 191 264c] <app>[0x00000001][  TcpHandler] - OnRspQryInvestorPosition - [rb1905][RohonDemo][lhwj01]'2''1'  '1'0 1 0 0  0.00 0.00 1 0 37290.00  0.00 37290.00 0.00 3729.00 0.00  0.00 0.00 0.00 5.22 0.00  -10.00 3727.00 3728.00 [20190228] 0  37290.00 3729.00 0 0 0  0.00 0.00 1 0.00 0.00
[2019-02-28 10:17:29 191 264c] <app>[0x00000001][  TcpHandler] - Handle Message [0x20198011] end...  
[2019-02-28 10:17:30 591 3254] <app>[0x00000001][    RohonApi] - ReqQryTrade
[2019-02-28 10:17:30 591 3254] <app>[0x00000001][    RohonApi] - ReqQryTrade send. [1]
[2019-02-28 10:17:30 607 264c] <app>[0x00000001][  TcpHandler] - Handle Message [0x20198010] begin...  
[2019-02-28 10:17:30 607 264c] <app>[0x00000001][  TcpHandler] - OnRspQryTrade
[2019-02-28 10:17:30 607 264c] <app>[0x00000001][  TcpHandler] - OnRspQryTrade - [RohonDemo][lhwj01][rb1905][0][lhwj01] [SHFE][                  89]'0'[536870987][103440] [103440]'1'[rb1905]'0''1'  3729.000 1 [20190228][10:00:57]'0'  '0'[103440][0][103440][5c767e71      293]  2 [20190228] 0 536870987 '
[2019-02-28 10:17:30 607 264c] <app>[0x00000001][  TcpHandler] - Handle Message [0x20198010] end...  
[2019-02-28 10:17:30 607 264c] <app>[0x00000001][  TcpHandler] - Handle Message [0x20198010] begin...  
[2019-02-28 10:17:30 607 264c] <app>[0x00000001][  TcpHandler] - OnRspQryTrade
[2019-02-28 10:17:30 607 264c] <app>[0x00000001][  TcpHandler] - OnRspQryTrade - [RohonDemo][lhwj01][rb1903][0][lhwj01] [SHFE][                  94]'0'[536870993][103440] [103440]'1'[rb1903]'0''1'  3780.000 1 [20190228][10:17:05]'0'  '0'[103440][0][103440][5c767e71      2cb]  3 [20190228] 0 536870993 '
[2019-02-28 10:17:30 623 264c] <app>[0x00000001][  TcpHandler] - Handle Message [0x20198010] end...  
[2019-02-28 10:17:30 623 264c] <app>[0x00000001][  TcpHandler] - Handle Message [0x20198010] begin...  
[2019-02-28 10:17:30 623 264c] <app>[0x00000001][  TcpHandler] - OnRspQryTrade
[2019-02-28 10:17:30 623 264c] <app>[0x00000001][  TcpHandler] - OnRspQryTrade - [RohonDemo][lhwj01][rb1903][1][lhwj01] [SHFE][                  95]'0'[536870994][103440] [103440]'1'[rb1903]'0''1'  3780.000 1 [20190228][10:17:13]'0'  '0'[103440][1][103440][5c767e71      2cb]  4 [20190228] 0 536870994 '
[2019-02-28 10:17:30 623 264c] <app>[0x00000001][  TcpHandler] - Handle Message [0x20198010] end...  
[2019-02-28 10:17:30 623 264c] <app>[0x00000001][  TcpHandler] - Handle Message [0x20198010] begin...  
[2019-02-28 10:17:30 623 264c] <app>[0x00000001][  TcpHandler] - OnRspQryTrade
[2019-02-28 10:17:30 623 264c] <app>[0x00000001][  TcpHandler] - OnRspQryTrade - [RohonDemo][lhwj01][rb1903][2][lhwj01] [SHFE][                  96]'0'[536870995][103440] [103440]'1'[rb1903]'0''1'  3780.000 1 [20190228][10:17:15]'0'  '0'[103440][2][103440][5c767e71      2cb]  5 [20190228] 0 536870995 '
[2019-02-28 10:17:30 623 264c] <app>[0x00000001][  TcpHandler] - Handle Message [0x20198010] end...  
[2019-02-28 10:17:30 623 264c] <app>[0x00000001][  TcpHandler] - Handle Message [0x20198010] begin...  
[2019-02-28 10:17:30 623 264c] <app>[0x00000001][  TcpHandler] - OnRspQryTrade
[2019-02-28 10:17:30 623 264c] <app>[0x00000001][  TcpHandler] - OnRspQryTrade - [RohonDemo][lhwj01][rb1903][3][lhwj01] [SHFE][                  97]'0'[536870996][103440] [103440]'1'[rb1903]'0''1'  3780.000 1 [20190228][10:17:18]'0'  '0'[103440][3][103440][5c767e71      2cb]  6 [20190228] 0 536870996 '
[2019-02-28 10:17:30 623 264c] <app>[0x00000001][  TcpHandler] - Handle Message [0x20198010] end...  
[2019-02-28 10:17:30 623 264c] <app>[0x00000001][  TcpHandler] - Handle Message [0x20198010] begin...  
[2019-02-28 10:17:30 623 264c] <app>[0x00000001][  TcpHandler] - OnRspQryTrade
[2019-02-28 10:17:30 623 264c] <app>[0x00000001][  TcpHandler] - OnRspQryTrade - [RohonDemo][lhwj01][rb1903][4][lhwj01] [SHFE][                  98]'0'[536870997][103440] [103440]'1'[rb1903]'0''1'  3780.000 1 [20190228][10:17:19]'0'  '0'[103440][4][103440][5c767e71      2cb]  7 [20190228] 0 536870997 '
[2019-02-28 10:17:30 623 264c] <app>[0x00000001][  TcpHandler] - Handle Message [0x20198010] end...  
[2019-02-28 10:17:42 625 24ac] <app>[0x00000001][   HeartBeat] - OnTimer begin
[2019-02-28 10:17:42 625 24ac] <app>[0x00000001][   HeartBeat] - Send HeartBeat
[2019-02-28 10:17:42 625 24ac] <app>[0x00000001][   HeartBeat] - OnTimer end
[2019-02-28 10:17:42 640 264c] <app>[0x00000001][  TcpHandler] - receive HeartBeat
[2019-02-28 10:17:42 640 264c] <app>[0x00000001][   HeartBeat] - Set HeartBeat Timer 0x005e005f
[2019-02-28 10:17:54 633 24ac] <app>[0x00000001][   HeartBeat] - OnTimer begin
[2019-02-28 10:17:54 633 24ac] <app>[0x00000001][   HeartBeat] - Send HeartBeat
[2019-02-28 10:17:54 633 24ac] <app>[0x00000001][   HeartBeat] - OnTimer end
[2019-02-28 10:17:54 664 264c] <app>[0x00000001][  TcpHandler] - receive HeartBeat
[2019-02-28 10:17:54 664 264c] <app>[0x00000001][   HeartBeat] - Set HeartBeat Timer 0x00600061
[2019-02-28 10:18:06 663 24ac] <app>[0x00000001][   HeartBeat] - OnTimer begin
[2019-02-28 10:18:06 663 24ac] <app>[0x00000001][   HeartBeat] - Send HeartBeat
[2019-02-28 10:18:06 663 24ac] <app>[0x00000001][   HeartBeat] - OnTimer end
[2019-02-28 10:18:06 678 264c] <app>[0x00000001][  TcpHandler] - receive HeartBeat
[2019-02-28 10:18:06 678 264c] <app>[0x00000001][   HeartBeat] - Set HeartBeat Timer 0x00620063
[2019-02-28 10:18:18 675 24ac] <app>[0x00000001][   HeartBeat] - OnTimer begin
[2019-02-28 10:18:18 675 24ac] <app>[0x00000001][   HeartBeat] - Send HeartBeat
[2019-02-28 10:18:18 675 24ac] <app>[0x00000001][   HeartBeat] - OnTimer end
[2019-02-28 10:18:18 690 264c] <app>[0x00000001][  TcpHandler] - receive HeartBeat
[2019-02-28 10:18:18 690 264c] <app>[0x00000001][   HeartBeat] - Set HeartBeat Timer 0x00640065
[2019-02-28 10:18:30 692 24ac] <app>[0x00000001][   HeartBeat] - OnTimer begin
[2019-02-28 10:18:30 692 24ac] <app>[0x00000001][   HeartBeat] - Send HeartBeat
[2019-02-28 10:18:30 692 24ac] <app>[0x00000001][   HeartBeat] - OnTimer end
[2019-02-28 10:18:30 707 264c] <app>[0x00000001][  TcpHandler] - receive HeartBeat
[2019-02-28 10:18:30 707 264c] <app>[0x00000001][   HeartBeat] - Set HeartBeat Timer 0x00660067
[2019-02-28 10:18:42 695 24ac] <app>[0x00000001][   HeartBeat] - OnTimer begin
[2019-02-28 10:18:42 695 24ac] <app>[0x00000001][   HeartBeat] - Send HeartBeat
[2019-02-28 10:18:42 695 24ac] <app>[0x00000001][   HeartBeat] - OnTimer end
[2019-02-28 10:18:42 727 264c] <app>[0x00000001][  TcpHandler] - receive HeartBeat
[2019-02-28 10:18:42 727 264c] <app>[0x00000001][   HeartBeat] - Set HeartBeat Timer 0x00680069
[2019-02-28 10:18:54 729 24ac] <app>[0x00000001][   HeartBeat] - OnTimer begin
[2019-02-28 10:18:54 729 24ac] <app>[0x00000001][   HeartBeat] - Send HeartBeat
[2019-02-28 10:18:54 729 24ac] <app>[0x00000001][   HeartBeat] - OnTimer end
[2019-02-28 10:18:54 748 264c] <app>[0x00000001][  TcpHandler] - receive HeartBeat
[2019-02-28 10:18:54 748 264c] <app>[0x00000001][   HeartBeat] - Set HeartBeat Timer 0x006a006b
