d:\wechatautomationdemo\wechatautomationdemo\debug\automationdemo.bsc
d:\wechatautomationdemo\wechatautomationdemo\debug\automationdemo.pch
d:\wechatautomationdemo\wechatautomationdemo\debug\stdafx.sbr
d:\wechatautomationdemo\wechatautomationdemo\debug\stdafx.obj
d:\wechatautomationdemo\wechatautomationdemo\debug\automationdemo.sbr
d:\wechatautomationdemo\wechatautomationdemo\debug\automationdemodlg.sbr
d:\wechatautomationdemo\wechatautomationdemo\debug\changepassworddlg.sbr
d:\wechatautomationdemo\wechatautomationdemo\debug\customlistctrl.sbr
d:\wechatautomationdemo\wechatautomationdemo\debug\mduserapi.sbr
d:\wechatautomationdemo\wechatautomationdemo\debug\traderspi.sbr
d:\wechatautomationdemo\wechatautomationdemo\debug\traderspi.obj
d:\wechatautomationdemo\wechatautomationdemo\debug\mduserapi.obj
d:\wechatautomationdemo\wechatautomationdemo\debug\customlistctrl.obj
d:\wechatautomationdemo\wechatautomationdemo\debug\changepassworddlg.obj
d:\wechatautomationdemo\wechatautomationdemo\debug\automationdemodlg.obj
d:\wechatautomationdemo\wechatautomationdemo\debug\automationdemo.obj
d:\wechatautomationdemo\wechatautomationdemo\debug\automationdemo.ilk
d:\wechatautomationdemo\wechatautomationdemo\debug\automationdemo.exe
d:\wechatautomationdemo\wechatautomationdemo\debug\automationdemo.exe.intermediate.manifest
d:\wechatautomationdemo\wechatautomationdemo\debug\automationdemo.pdb
d:\wechatautomationdemo\wechatautomationdemo\debug\automationdemo.exe.manifest
d:\wechatautomationdemo\wechatautomationdemo\debug\automationdemo.res
d:\wechatautomationdemo\wechatautomationdemo\.\debug\automationdemo.exe.manifest
d:\wechatautomationdemo\wechatautomationdemo\.\debug\automationdemo.exe
d:\wechatautomationdemo\wechatautomationdemo\.\debug\automationdemo.exe.intermediate.manifest
d:\wechatautomationdemo\wechatautomationdemo\debug\automationdemo.tlog\bscmake.command.1.tlog
d:\wechatautomationdemo\wechatautomationdemo\debug\automationdemo.tlog\bscmake.read.1.tlog
d:\wechatautomationdemo\wechatautomationdemo\debug\automationdemo.tlog\bscmake.write.1.tlog
d:\wechatautomationdemo\wechatautomationdemo\debug\automationdemo.tlog\cl.command.1.tlog
d:\wechatautomationdemo\wechatautomationdemo\debug\automationdemo.tlog\cl.read.1.tlog
d:\wechatautomationdemo\wechatautomationdemo\debug\automationdemo.tlog\cl.write.1.tlog
d:\wechatautomationdemo\wechatautomationdemo\debug\automationdemo.tlog\link.command.1.tlog
d:\wechatautomationdemo\wechatautomationdemo\debug\automationdemo.tlog\link.read.1.tlog
d:\wechatautomationdemo\wechatautomationdemo\debug\automationdemo.tlog\link.write.1.tlog
d:\wechatautomationdemo\wechatautomationdemo\debug\automationdemo.tlog\mt.command.1.tlog
d:\wechatautomationdemo\wechatautomationdemo\debug\automationdemo.tlog\mt.read.1.tlog
d:\wechatautomationdemo\wechatautomationdemo\debug\automationdemo.tlog\mt.write.1.tlog
d:\wechatautomationdemo\wechatautomationdemo\debug\automationdemo.tlog\rc.command.1.tlog
d:\wechatautomationdemo\wechatautomationdemo\debug\automationdemo.tlog\rc.read.1.tlog
d:\wechatautomationdemo\wechatautomationdemo\debug\automationdemo.tlog\rc.write.1.tlog
